mode: set
github.com/openexec/openexec/internal/server/server.go:53.39,56.16 2 1
github.com/openexec/openexec/internal/server/server.go:56.16,58.3 1 0
github.com/openexec/openexec/internal/server/server.go:60.2,62.16 3 1
github.com/openexec/openexec/internal/server/server.go:62.16,64.3 1 0
github.com/openexec/openexec/internal/server/server.go:68.2,72.62 3 1
github.com/openexec/openexec/internal/server/server.go:72.62,74.3 1 0
github.com/openexec/openexec/internal/server/server.go:76.2,121.15 17 1
github.com/openexec/openexec/internal/server/server.go:124.35,137.73 6 1
github.com/openexec/openexec/internal/server/server.go:137.73,144.3 2 0
github.com/openexec/openexec/internal/server/server.go:147.2,148.51 2 1
github.com/openexec/openexec/internal/server/server.go:151.73,155.61 2 1
github.com/openexec/openexec/internal/server/server.go:155.61,158.3 2 0
github.com/openexec/openexec/internal/server/server.go:160.2,162.16 3 1
github.com/openexec/openexec/internal/server/server.go:162.16,166.3 3 1
github.com/openexec/openexec/internal/server/server.go:168.2,169.75 2 1
github.com/openexec/openexec/internal/server/server.go:172.81,177.2 4 0
github.com/openexec/openexec/internal/server/server.go:179.78,184.2 4 0
github.com/openexec/openexec/internal/server/server.go:186.71,188.2 1 0
github.com/openexec/openexec/internal/server/server.go:190.84,195.2 4 1
github.com/openexec/openexec/internal/server/server.go:203.49,206.2 2 0
github.com/openexec/openexec/internal/server/server.go:209.56,210.71 1 1
github.com/openexec/openexec/internal/server/server.go:210.71,217.3 4 0
github.com/openexec/openexec/internal/server/server.go:221.51,228.12 4 1
github.com/openexec/openexec/internal/server/server.go:228.12,230.3 1 1
github.com/openexec/openexec/internal/server/server.go:232.2,232.9 1 1
github.com/openexec/openexec/internal/server/server.go:233.22,234.13 1 0
github.com/openexec/openexec/internal/server/server.go:235.20,236.53 1 1
